<component name="libraryTable">
  <library name="junit-dep-4.10">
    <CLASSES>
      <root url="jar://$USER_HOME$/.gradle/caches/artifacts-23/filestore/junit/junit-dep/4.10/jar/64417b3bafdecd366afa514bd5beeae6c1f85ece/junit-dep-4.10.jar!/" />
    </CLASSES>
    <JAVADOC />
    <SOURCES>
      <root url="jar://$USER_HOME$/.gradle/caches/artifacts-23/filestore/junit/junit-dep/4.10/source/2c7dad0a5eb1602c6fe6b43abec8ea35805b3ae4/junit-dep-4.10-sources.jar!/" />
    </SOURCES>
  </library>
</component>